#-----------------------------------------------------------
# Vivado v2016.2 (64-bit)
# SW Build 1577090 on Thu Jun  2 16:32:40 MDT 2016
# IP Build 1577682 on Fri Jun  3 12:00:54 MDT 2016
# Start of session at: Thu Dec 08 22:00:11 2016
# Process ID: 10020
# Current directory: D:/USA/video/Verilog_FIFO/prj_FIFO
# Command line: vivado.exe -gui_launcher_event rodinguilauncherevent6700 D:\USA\video\Verilog_FIFO\prj_FIFO\prj_FIFO.xpr
# Log file: D:/USA/video/Verilog_FIFO/prj_FIFO/vivado.log
# Journal file: D:/USA/video/Verilog_FIFO/prj_FIFO\vivado.jou
#-----------------------------------------------------------
start_gui
open_project D:/USA/video/Verilog_FIFO/prj_FIFO/prj_FIFO.xpr
INFO: [Project 1-313] Project file moved from 'D:/USA/video/Verilog_Vivado_FIFO/prj_FIFO' since last save.
Scanning sources...
Finished scanning sources
INFO: [IP_Flow 19-234] Refreshing IP repositories
INFO: [IP_Flow 19-1704] No user IP repositories specified
INFO: [IP_Flow 19-2313] Loaded Vivado IP repository 'C:/Xilinx/Vivado/2016.2/data/ip'.
WARNING: [IP_Flow 19-2162] IP 'fifo_test' is locked:
* IP definition 'FIFO Generator (13.1)' for IP 'fifo_test' has a different revision in the IP Catalog.
Please select 'Report IP Status' from the 'Tools/Report' menu or run Tcl command 'report_ip_status' for more information.
open_project: Time (s): cpu = 00:00:37 ; elapsed = 00:00:16 . Memory (MB): peak = 844.262 ; gain = 156.582
update_compile_order -fileset sources_1
exit
INFO: [Common 17-206] Exiting Vivado at Thu Dec 08 22:54:49 2016...
